22 Apr 2024 16:59:06,006 INFO com.sismics.util.jpa.EMF.getEntityManagerProperties(EMF.java:67) Configuring EntityManager from hibernate.properties 
22 Apr 2024 16:59:06,753 INFO com.sismics.util.jpa.DbOpenHelper.open(DbOpenHelper.java:57) Opening database and executing incremental updates 
22 Apr 2024 16:59:06,755 INFO com.sismics.util.jpa.DbOpenHelper.open(DbOpenHelper.java:83) Unable to get database version: Table T_CONFIG not found 
22 Apr 2024 16:59:06,756 INFO com.sismics.util.jpa.DbOpenHelper.open(DbOpenHelper.java:98) Executing initial schema creation script 
22 Apr 2024 16:59:06,762 INFO com.sismics.util.jpa.DbOpenHelper.executeAllScript(DbOpenHelper.java:142) Executing script: dbupdate-000-0.sql 
22 Apr 2024 16:59:06,847 INFO com.sismics.util.jpa.DbOpenHelper.executeAllScript(DbOpenHelper.java:142) Executing script: dbupdate-000-1.sql 
22 Apr 2024 16:59:06,855 INFO com.sismics.util.jpa.DbOpenHelper.open(DbOpenHelper.java:106) Found database version 0, new version is 27, executing database incremental update scripts 
22 Apr 2024 16:59:06,857 INFO com.sismics.util.jpa.DbOpenHelper.executeAllScript(DbOpenHelper.java:142) Executing script: dbupdate-001-0.sql 
22 Apr 2024 16:59:06,889 INFO com.sismics.util.jpa.DbOpenHelper.executeAllScript(DbOpenHelper.java:142) Executing script: dbupdate-002-0.sql 
22 Apr 2024 16:59:06,898 INFO com.sismics.util.jpa.DbOpenHelper.executeAllScript(DbOpenHelper.java:142) Executing script: dbupdate-003-0.sql 
22 Apr 2024 16:59:06,907 INFO com.sismics.util.jpa.DbOpenHelper.executeAllScript(DbOpenHelper.java:142) Executing script: dbupdate-004-0.sql 
22 Apr 2024 16:59:06,921 INFO com.sismics.util.jpa.DbOpenHelper.executeAllScript(DbOpenHelper.java:142) Executing script: dbupdate-005-0.sql 
22 Apr 2024 16:59:06,925 INFO com.sismics.util.jpa.DbOpenHelper.executeAllScript(DbOpenHelper.java:142) Executing script: dbupdate-006-0.sql 
22 Apr 2024 16:59:07,101 INFO com.sismics.util.jpa.DbOpenHelper.executeAllScript(DbOpenHelper.java:142) Executing script: dbupdate-007-0.sql 
22 Apr 2024 16:59:07,107 INFO com.sismics.util.jpa.DbOpenHelper.executeAllScript(DbOpenHelper.java:142) Executing script: dbupdate-008-0.sql 
22 Apr 2024 16:59:07,113 INFO com.sismics.util.jpa.DbOpenHelper.executeAllScript(DbOpenHelper.java:142) Executing script: dbupdate-009-0.sql 
22 Apr 2024 16:59:07,121 INFO com.sismics.util.jpa.DbOpenHelper.executeAllScript(DbOpenHelper.java:142) Executing script: dbupdate-010-0.sql 
22 Apr 2024 16:59:07,125 INFO com.sismics.util.jpa.DbOpenHelper.executeAllScript(DbOpenHelper.java:142) Executing script: dbupdate-011-0.sql 
22 Apr 2024 16:59:07,130 INFO com.sismics.util.jpa.DbOpenHelper.executeAllScript(DbOpenHelper.java:142) Executing script: dbupdate-012-0.sql 
22 Apr 2024 16:59:07,138 INFO com.sismics.util.jpa.DbOpenHelper.executeAllScript(DbOpenHelper.java:142) Executing script: dbupdate-013-0.sql 
22 Apr 2024 16:59:07,142 INFO com.sismics.util.jpa.DbOpenHelper.executeAllScript(DbOpenHelper.java:142) Executing script: dbupdate-014-0.sql 
22 Apr 2024 16:59:07,149 INFO com.sismics.util.jpa.DbOpenHelper.executeAllScript(DbOpenHelper.java:142) Executing script: dbupdate-015-0.sql 
22 Apr 2024 16:59:07,166 INFO com.sismics.util.jpa.DbOpenHelper.executeAllScript(DbOpenHelper.java:142) Executing script: dbupdate-016-0.sql 
22 Apr 2024 16:59:07,169 INFO com.sismics.util.jpa.DbOpenHelper.executeAllScript(DbOpenHelper.java:142) Executing script: dbupdate-017-0.sql 
22 Apr 2024 16:59:07,175 INFO com.sismics.util.jpa.DbOpenHelper.executeAllScript(DbOpenHelper.java:142) Executing script: dbupdate-018-0.sql 
22 Apr 2024 16:59:07,194 INFO com.sismics.util.jpa.DbOpenHelper.executeAllScript(DbOpenHelper.java:142) Executing script: dbupdate-019-0.sql 
22 Apr 2024 16:59:07,197 INFO com.sismics.util.jpa.DbOpenHelper.executeAllScript(DbOpenHelper.java:142) Executing script: dbupdate-020-0.sql 
22 Apr 2024 16:59:07,201 INFO com.sismics.util.jpa.DbOpenHelper.executeAllScript(DbOpenHelper.java:142) Executing script: dbupdate-021-0.sql 
22 Apr 2024 16:59:07,213 INFO com.sismics.util.jpa.DbOpenHelper.executeAllScript(DbOpenHelper.java:142) Executing script: dbupdate-022-0.sql 
22 Apr 2024 16:59:07,225 INFO com.sismics.util.jpa.DbOpenHelper.executeAllScript(DbOpenHelper.java:142) Executing script: dbupdate-023-0.sql 
22 Apr 2024 16:59:07,231 INFO com.sismics.util.jpa.DbOpenHelper.executeAllScript(DbOpenHelper.java:142) Executing script: dbupdate-024-0.sql 
22 Apr 2024 16:59:07,239 INFO com.sismics.util.jpa.DbOpenHelper.executeAllScript(DbOpenHelper.java:142) Executing script: dbupdate-025-0.sql 
22 Apr 2024 16:59:07,243 INFO com.sismics.util.jpa.DbOpenHelper.executeAllScript(DbOpenHelper.java:142) Executing script: dbupdate-026-0.sql 
22 Apr 2024 16:59:07,245 INFO com.sismics.util.jpa.DbOpenHelper.executeAllScript(DbOpenHelper.java:142) Executing script: dbupdate-027-0.sql 
22 Apr 2024 16:59:07,247 INFO com.sismics.util.jpa.DbOpenHelper.open(DbOpenHelper.java:108) Database upgrade complete 
22 Apr 2024 16:59:07,248 INFO com.sismics.util.jpa.EMF.getEntityManagerProperties(EMF.java:67) Configuring EntityManager from hibernate.properties 
22 Apr 2024 16:59:08,818 INFO com.sismics.util.ClasspathScanner.findClasses(ClasspathScanner.java:48) Found 1 classes for IndexingHandler 
22 Apr 2024 16:59:08,865 INFO com.sismics.docs.core.util.indexing.LuceneIndexingHandler.initLucene(LuceneIndexingHandler.java:115) Using RAM Lucene storage 
22 Apr 2024 16:59:08,963 INFO com.sismics.docs.core.service.FileService.startUp(FileService.java:39) File service starting up 
22 Apr 2024 16:59:08,966 INFO com.sismics.docs.core.service.InboxService.startUp(InboxService.java:55) Inbox service starting up 
22 Apr 2024 17:09:07,785 INFO com.sismics.docs.core.service.InboxService.shutDown(InboxService.java:60) Inbox service shutting down 
22 Apr 2024 17:09:07,786 INFO com.sismics.docs.core.service.FileService.shutDown(FileService.java:44) File service shutting down 
22 Apr 2024 17:19:01,079 INFO com.sismics.util.jpa.EMF.getEntityManagerProperties(EMF.java:67) Configuring EntityManager from hibernate.properties 
22 Apr 2024 17:19:01,728 INFO com.sismics.util.jpa.DbOpenHelper.open(DbOpenHelper.java:57) Opening database and executing incremental updates 
22 Apr 2024 17:19:01,731 INFO com.sismics.util.jpa.DbOpenHelper.open(DbOpenHelper.java:83) Unable to get database version: Table T_CONFIG not found 
22 Apr 2024 17:19:01,731 INFO com.sismics.util.jpa.DbOpenHelper.open(DbOpenHelper.java:98) Executing initial schema creation script 
22 Apr 2024 17:19:01,740 INFO com.sismics.util.jpa.DbOpenHelper.executeAllScript(DbOpenHelper.java:142) Executing script: dbupdate-000-0.sql 
22 Apr 2024 17:19:01,841 INFO com.sismics.util.jpa.DbOpenHelper.executeAllScript(DbOpenHelper.java:142) Executing script: dbupdate-000-1.sql 
22 Apr 2024 17:19:01,848 INFO com.sismics.util.jpa.DbOpenHelper.open(DbOpenHelper.java:106) Found database version 0, new version is 27, executing database incremental update scripts 
22 Apr 2024 17:19:01,850 INFO com.sismics.util.jpa.DbOpenHelper.executeAllScript(DbOpenHelper.java:142) Executing script: dbupdate-001-0.sql 
22 Apr 2024 17:19:01,882 INFO com.sismics.util.jpa.DbOpenHelper.executeAllScript(DbOpenHelper.java:142) Executing script: dbupdate-002-0.sql 
22 Apr 2024 17:19:01,889 INFO com.sismics.util.jpa.DbOpenHelper.executeAllScript(DbOpenHelper.java:142) Executing script: dbupdate-003-0.sql 
22 Apr 2024 17:19:01,897 INFO com.sismics.util.jpa.DbOpenHelper.executeAllScript(DbOpenHelper.java:142) Executing script: dbupdate-004-0.sql 
22 Apr 2024 17:19:01,913 INFO com.sismics.util.jpa.DbOpenHelper.executeAllScript(DbOpenHelper.java:142) Executing script: dbupdate-005-0.sql 
22 Apr 2024 17:19:01,918 INFO com.sismics.util.jpa.DbOpenHelper.executeAllScript(DbOpenHelper.java:142) Executing script: dbupdate-006-0.sql 
22 Apr 2024 17:19:02,111 INFO com.sismics.util.jpa.DbOpenHelper.executeAllScript(DbOpenHelper.java:142) Executing script: dbupdate-007-0.sql 
22 Apr 2024 17:19:02,117 INFO com.sismics.util.jpa.DbOpenHelper.executeAllScript(DbOpenHelper.java:142) Executing script: dbupdate-008-0.sql 
22 Apr 2024 17:19:02,124 INFO com.sismics.util.jpa.DbOpenHelper.executeAllScript(DbOpenHelper.java:142) Executing script: dbupdate-009-0.sql 
22 Apr 2024 17:19:02,132 INFO com.sismics.util.jpa.DbOpenHelper.executeAllScript(DbOpenHelper.java:142) Executing script: dbupdate-010-0.sql 
22 Apr 2024 17:19:02,136 INFO com.sismics.util.jpa.DbOpenHelper.executeAllScript(DbOpenHelper.java:142) Executing script: dbupdate-011-0.sql 
22 Apr 2024 17:19:02,143 INFO com.sismics.util.jpa.DbOpenHelper.executeAllScript(DbOpenHelper.java:142) Executing script: dbupdate-012-0.sql 
22 Apr 2024 17:19:02,151 INFO com.sismics.util.jpa.DbOpenHelper.executeAllScript(DbOpenHelper.java:142) Executing script: dbupdate-013-0.sql 
22 Apr 2024 17:19:02,155 INFO com.sismics.util.jpa.DbOpenHelper.executeAllScript(DbOpenHelper.java:142) Executing script: dbupdate-014-0.sql 
22 Apr 2024 17:19:02,162 INFO com.sismics.util.jpa.DbOpenHelper.executeAllScript(DbOpenHelper.java:142) Executing script: dbupdate-015-0.sql 
22 Apr 2024 17:19:02,178 INFO com.sismics.util.jpa.DbOpenHelper.executeAllScript(DbOpenHelper.java:142) Executing script: dbupdate-016-0.sql 
22 Apr 2024 17:19:02,181 INFO com.sismics.util.jpa.DbOpenHelper.executeAllScript(DbOpenHelper.java:142) Executing script: dbupdate-017-0.sql 
22 Apr 2024 17:19:02,186 INFO com.sismics.util.jpa.DbOpenHelper.executeAllScript(DbOpenHelper.java:142) Executing script: dbupdate-018-0.sql 
22 Apr 2024 17:19:02,207 INFO com.sismics.util.jpa.DbOpenHelper.executeAllScript(DbOpenHelper.java:142) Executing script: dbupdate-019-0.sql 
22 Apr 2024 17:19:02,210 INFO com.sismics.util.jpa.DbOpenHelper.executeAllScript(DbOpenHelper.java:142) Executing script: dbupdate-020-0.sql 
22 Apr 2024 17:19:02,214 INFO com.sismics.util.jpa.DbOpenHelper.executeAllScript(DbOpenHelper.java:142) Executing script: dbupdate-021-0.sql 
22 Apr 2024 17:19:02,228 INFO com.sismics.util.jpa.DbOpenHelper.executeAllScript(DbOpenHelper.java:142) Executing script: dbupdate-022-0.sql 
22 Apr 2024 17:19:02,239 INFO com.sismics.util.jpa.DbOpenHelper.executeAllScript(DbOpenHelper.java:142) Executing script: dbupdate-023-0.sql 
22 Apr 2024 17:19:02,246 INFO com.sismics.util.jpa.DbOpenHelper.executeAllScript(DbOpenHelper.java:142) Executing script: dbupdate-024-0.sql 
22 Apr 2024 17:19:02,255 INFO com.sismics.util.jpa.DbOpenHelper.executeAllScript(DbOpenHelper.java:142) Executing script: dbupdate-025-0.sql 
22 Apr 2024 17:19:02,258 INFO com.sismics.util.jpa.DbOpenHelper.executeAllScript(DbOpenHelper.java:142) Executing script: dbupdate-026-0.sql 
22 Apr 2024 17:19:02,260 INFO com.sismics.util.jpa.DbOpenHelper.executeAllScript(DbOpenHelper.java:142) Executing script: dbupdate-027-0.sql 
22 Apr 2024 17:19:02,262 INFO com.sismics.util.jpa.DbOpenHelper.open(DbOpenHelper.java:108) Database upgrade complete 
22 Apr 2024 17:19:02,263 INFO com.sismics.util.jpa.EMF.getEntityManagerProperties(EMF.java:67) Configuring EntityManager from hibernate.properties 
22 Apr 2024 17:19:03,724 INFO com.sismics.util.ClasspathScanner.findClasses(ClasspathScanner.java:48) Found 1 classes for IndexingHandler 
22 Apr 2024 17:19:03,760 INFO com.sismics.docs.core.util.indexing.LuceneIndexingHandler.initLucene(LuceneIndexingHandler.java:115) Using RAM Lucene storage 
22 Apr 2024 17:19:03,842 INFO com.sismics.docs.core.service.FileService.startUp(FileService.java:39) File service starting up 
22 Apr 2024 17:19:03,846 INFO com.sismics.docs.core.service.InboxService.startUp(InboxService.java:55) Inbox service starting up 
22 Apr 2024 17:19:55,402 INFO com.sismics.docs.core.service.InboxService.shutDown(InboxService.java:60) Inbox service shutting down 
22 Apr 2024 17:19:55,403 INFO com.sismics.docs.core.service.FileService.shutDown(FileService.java:44) File service shutting down 
22 Apr 2024 17:20:55,560 INFO com.sismics.util.jpa.EMF.getEntityManagerProperties(EMF.java:67) Configuring EntityManager from hibernate.properties 
22 Apr 2024 17:20:56,169 INFO com.sismics.util.jpa.DbOpenHelper.open(DbOpenHelper.java:57) Opening database and executing incremental updates 
22 Apr 2024 17:20:56,171 INFO com.sismics.util.jpa.DbOpenHelper.open(DbOpenHelper.java:83) Unable to get database version: Table T_CONFIG not found 
22 Apr 2024 17:20:56,171 INFO com.sismics.util.jpa.DbOpenHelper.open(DbOpenHelper.java:98) Executing initial schema creation script 
22 Apr 2024 17:20:56,181 INFO com.sismics.util.jpa.DbOpenHelper.executeAllScript(DbOpenHelper.java:142) Executing script: dbupdate-000-0.sql 
22 Apr 2024 17:20:56,287 INFO com.sismics.util.jpa.DbOpenHelper.executeAllScript(DbOpenHelper.java:142) Executing script: dbupdate-000-1.sql 
22 Apr 2024 17:20:56,295 ERROR com.sismics.util.jpa.DbOpenHelper.open(DbOpenHelper.java:111) Unable to complete schema update 
java.util.MissingResourceException: Can't find bundle for base name com/sismics/docs/rest/config, locale zh_CN
	at java.base/java.util.ResourceBundle.throwMissingResourceException(ResourceBundle.java:2048)
	at java.base/java.util.ResourceBundle.getBundleImpl(ResourceBundle.java:1682)
	at java.base/java.util.ResourceBundle.getBundleImpl(ResourceBundle.java:1586)
	at java.base/java.util.ResourceBundle.getBundleImpl(ResourceBundle.java:1549)
	at java.base/java.util.ResourceBundle.getBundle(ResourceBundle.java:856)
	at com.sismics.docs.core.util.ConfigUtil.getConfigBundle(ConfigUtil.java:37)
	at com.sismics.util.jpa.DbOpenHelper.open(DbOpenHelper.java:104)
	at com.sismics.util.jpa.EMF.<clinit>(EMF.java:53)
	at com.sismics.docs.core.util.TransactionUtil.handle(TransactionUtil.java:37)
	at com.sismics.util.filter.RequestContextFilter.init(RequestContextFilter.java:65)
	at org.eclipse.jetty.servlet.FilterHolder.initialize(FilterHolder.java:140)
	at org.eclipse.jetty.servlet.ServletHandler.lambda$initialize$0(ServletHandler.java:731)
	at java.base/java.util.Spliterators$ArraySpliterator.forEachRemaining(Spliterators.java:948)
	at java.base/java.util.stream.Streams$ConcatSpliterator.forEachRemaining(Streams.java:734)
	at java.base/java.util.stream.ReferencePipeline$Head.forEach(ReferencePipeline.java:762)
	at org.eclipse.jetty.servlet.ServletHandler.initialize(ServletHandler.java:755)
	at org.eclipse.jetty.servlet.ServletContextHandler.startContext(ServletContextHandler.java:379)
	at org.eclipse.jetty.webapp.WebAppContext.startWebapp(WebAppContext.java:1457)
	at org.eclipse.jetty.maven.plugin.JettyWebAppContext.startWebapp(JettyWebAppContext.java:328)
	at org.eclipse.jetty.webapp.WebAppContext.startContext(WebAppContext.java:1422)
	at org.eclipse.jetty.server.handler.ContextHandler.doStart(ContextHandler.java:911)
	at org.eclipse.jetty.servlet.ServletContextHandler.doStart(ServletContextHandler.java:288)
	at org.eclipse.jetty.webapp.WebAppContext.doStart(WebAppContext.java:524)
	at org.eclipse.jetty.maven.plugin.JettyWebAppContext.doStart(JettyWebAppContext.java:397)
	at org.eclipse.jetty.util.component.AbstractLifeCycle.start(AbstractLifeCycle.java:73)
	at org.eclipse.jetty.util.component.ContainerLifeCycle.start(ContainerLifeCycle.java:169)
	at org.eclipse.jetty.util.component.ContainerLifeCycle.doStart(ContainerLifeCycle.java:117)
	at org.eclipse.jetty.server.handler.AbstractHandler.doStart(AbstractHandler.java:97)
	at org.eclipse.jetty.util.component.AbstractLifeCycle.start(AbstractLifeCycle.java:73)
	at org.eclipse.jetty.util.component.ContainerLifeCycle.start(ContainerLifeCycle.java:169)
	at org.eclipse.jetty.util.component.ContainerLifeCycle.doStart(ContainerLifeCycle.java:117)
	at org.eclipse.jetty.server.handler.AbstractHandler.doStart(AbstractHandler.java:97)
	at org.eclipse.jetty.util.component.AbstractLifeCycle.start(AbstractLifeCycle.java:73)
	at org.eclipse.jetty.util.component.ContainerLifeCycle.start(ContainerLifeCycle.java:169)
	at org.eclipse.jetty.server.Server.start(Server.java:423)
	at org.eclipse.jetty.util.component.ContainerLifeCycle.doStart(ContainerLifeCycle.java:110)
	at org.eclipse.jetty.server.handler.AbstractHandler.doStart(AbstractHandler.java:97)
	at org.eclipse.jetty.server.Server.doStart(Server.java:387)
	at org.eclipse.jetty.util.component.AbstractLifeCycle.start(AbstractLifeCycle.java:73)
	at org.eclipse.jetty.maven.plugin.AbstractJettyMojo.startJetty(AbstractJettyMojo.java:449)
	at org.eclipse.jetty.maven.plugin.AbstractJettyMojo.execute(AbstractJettyMojo.java:310)
	at org.eclipse.jetty.maven.plugin.JettyRunMojo.execute(JettyRunMojo.java:150)
	at org.apache.maven.plugin.DefaultBuildPluginManager.executeMojo(DefaultBuildPluginManager.java:137)
	at org.apache.maven.lifecycle.internal.MojoExecutor.execute(MojoExecutor.java:210)
	at org.apache.maven.lifecycle.internal.MojoExecutor.execute(MojoExecutor.java:156)
	at org.apache.maven.lifecycle.internal.MojoExecutor.execute(MojoExecutor.java:148)
	at org.apache.maven.lifecycle.internal.LifecycleModuleBuilder.buildProject(LifecycleModuleBuilder.java:117)
	at org.apache.maven.lifecycle.internal.LifecycleModuleBuilder.buildProject(LifecycleModuleBuilder.java:81)
	at org.apache.maven.lifecycle.internal.builder.singlethreaded.SingleThreadedBuilder.build(SingleThreadedBuilder.java:56)
	at org.apache.maven.lifecycle.internal.LifecycleStarter.execute(LifecycleStarter.java:128)
	at org.apache.maven.DefaultMaven.doExecute(DefaultMaven.java:305)
	at org.apache.maven.DefaultMaven.doExecute(DefaultMaven.java:192)
	at org.apache.maven.DefaultMaven.execute(DefaultMaven.java:105)
	at org.apache.maven.cli.MavenCli.execute(MavenCli.java:957)
	at org.apache.maven.cli.MavenCli.doMain(MavenCli.java:289)
	at org.apache.maven.cli.MavenCli.main(MavenCli.java:193)
	at java.base/jdk.internal.reflect.NativeMethodAccessorImpl.invoke0(Native Method)
	at java.base/jdk.internal.reflect.NativeMethodAccessorImpl.invoke(NativeMethodAccessorImpl.java:78)
	at java.base/jdk.internal.reflect.DelegatingMethodAccessorImpl.invoke(DelegatingMethodAccessorImpl.java:43)
	at java.base/java.lang.reflect.Method.invoke(Method.java:567)
	at org.codehaus.plexus.classworlds.launcher.Launcher.launchEnhanced(Launcher.java:282)
	at org.codehaus.plexus.classworlds.launcher.Launcher.launch(Launcher.java:225)
	at org.codehaus.plexus.classworlds.launcher.Launcher.mainWithExitCode(Launcher.java:406)
	at org.codehaus.plexus.classworlds.launcher.Launcher.main(Launcher.java:347)
22 Apr 2024 17:20:56,384 INFO com.sismics.util.jpa.EMF.getEntityManagerProperties(EMF.java:67) Configuring EntityManager from hibernate.properties 
22 Apr 2024 17:20:57,846 INFO com.sismics.util.ClasspathScanner.findClasses(ClasspathScanner.java:48) Found 1 classes for IndexingHandler 
22 Apr 2024 17:20:57,879 INFO com.sismics.docs.core.util.indexing.LuceneIndexingHandler.initLucene(LuceneIndexingHandler.java:115) Using RAM Lucene storage 
22 Apr 2024 17:20:57,958 INFO com.sismics.docs.core.service.FileService.startUp(FileService.java:39) File service starting up 
22 Apr 2024 17:20:57,962 INFO com.sismics.docs.core.service.InboxService.startUp(InboxService.java:55) Inbox service starting up 
22 Apr 2024 17:20:57,964 ERROR com.sismics.docs.core.util.TransactionUtil.handle(TransactionUtil.java:51) An exception occured, rolling back current transaction 
java.lang.IllegalStateException: Config parameter not found: INBOX_ENABLED
	at com.sismics.docs.core.util.ConfigUtil.getConfigStringValue(ConfigUtil.java:26)
	at com.sismics.docs.core.util.ConfigUtil.getConfigBooleanValue(ConfigUtil.java:74)
	at com.sismics.docs.core.service.InboxService.lambda$syncInbox$0(InboxService.java:77)
	at com.sismics.docs.core.util.TransactionUtil.handle(TransactionUtil.java:47)
	at com.sismics.docs.core.service.InboxService.syncInbox(InboxService.java:76)
	at com.sismics.docs.core.service.InboxService.runOneIteration(InboxService.java:66)
	at com.google.common.util.concurrent.AbstractScheduledService$ServiceDelegate$Task.run(AbstractScheduledService.java:221)
	at com.google.common.util.concurrent.Callables$4.run(Callables.java:119)
	at java.base/java.util.concurrent.Executors$RunnableAdapter.call(Executors.java:515)
	at java.base/java.util.concurrent.FutureTask.runAndReset(FutureTask.java:305)
	at java.base/java.util.concurrent.ScheduledThreadPoolExecutor$ScheduledFutureTask.run(ScheduledThreadPoolExecutor.java:305)
	at java.base/java.util.concurrent.ThreadPoolExecutor.runWorker(ThreadPoolExecutor.java:1130)
	at java.base/java.util.concurrent.ThreadPoolExecutor$Worker.run(ThreadPoolExecutor.java:630)
	at java.base/java.lang.Thread.run(Thread.java:831)
22 Apr 2024 17:21:57,980 ERROR com.sismics.docs.core.util.TransactionUtil.handle(TransactionUtil.java:51) An exception occured, rolling back current transaction 
java.lang.IllegalStateException: Config parameter not found: INBOX_ENABLED
	at com.sismics.docs.core.util.ConfigUtil.getConfigStringValue(ConfigUtil.java:26)
	at com.sismics.docs.core.util.ConfigUtil.getConfigBooleanValue(ConfigUtil.java:74)
	at com.sismics.docs.core.service.InboxService.lambda$syncInbox$0(InboxService.java:77)
	at com.sismics.docs.core.util.TransactionUtil.handle(TransactionUtil.java:47)
	at com.sismics.docs.core.service.InboxService.syncInbox(InboxService.java:76)
	at com.sismics.docs.core.service.InboxService.runOneIteration(InboxService.java:66)
	at com.google.common.util.concurrent.AbstractScheduledService$ServiceDelegate$Task.run(AbstractScheduledService.java:221)
	at com.google.common.util.concurrent.Callables$4.run(Callables.java:119)
	at java.base/java.util.concurrent.Executors$RunnableAdapter.call(Executors.java:515)
	at java.base/java.util.concurrent.FutureTask.runAndReset(FutureTask.java:305)
	at java.base/java.util.concurrent.ScheduledThreadPoolExecutor$ScheduledFutureTask.run(ScheduledThreadPoolExecutor.java:305)
	at java.base/java.util.concurrent.ThreadPoolExecutor.runWorker(ThreadPoolExecutor.java:1130)
	at java.base/java.util.concurrent.ThreadPoolExecutor$Worker.run(ThreadPoolExecutor.java:630)
	at java.base/java.lang.Thread.run(Thread.java:831)
22 Apr 2024 17:22:07,327 INFO com.sismics.docs.core.service.InboxService.shutDown(InboxService.java:60) Inbox service shutting down 
22 Apr 2024 17:22:07,327 INFO com.sismics.docs.core.service.FileService.shutDown(FileService.java:44) File service shutting down 
22 Apr 2024 17:22:16,642 INFO com.sismics.util.jpa.EMF.getEntityManagerProperties(EMF.java:67) Configuring EntityManager from hibernate.properties 
22 Apr 2024 17:22:17,327 INFO com.sismics.util.jpa.DbOpenHelper.open(DbOpenHelper.java:57) Opening database and executing incremental updates 
22 Apr 2024 17:22:17,330 INFO com.sismics.util.jpa.DbOpenHelper.open(DbOpenHelper.java:83) Unable to get database version: Table T_CONFIG not found 
22 Apr 2024 17:22:17,331 INFO com.sismics.util.jpa.DbOpenHelper.open(DbOpenHelper.java:98) Executing initial schema creation script 
22 Apr 2024 17:22:17,336 INFO com.sismics.util.jpa.DbOpenHelper.executeAllScript(DbOpenHelper.java:142) Executing script: dbupdate-000-0.sql 
22 Apr 2024 17:22:17,431 INFO com.sismics.util.jpa.DbOpenHelper.executeAllScript(DbOpenHelper.java:142) Executing script: dbupdate-000-1.sql 
22 Apr 2024 17:22:17,437 ERROR com.sismics.util.jpa.DbOpenHelper.open(DbOpenHelper.java:111) Unable to complete schema update 
java.util.MissingResourceException: Can't find bundle for base name com/sismics/docs/rest/config, locale zh_CN
	at java.base/java.util.ResourceBundle.throwMissingResourceException(ResourceBundle.java:2048)
	at java.base/java.util.ResourceBundle.getBundleImpl(ResourceBundle.java:1682)
	at java.base/java.util.ResourceBundle.getBundleImpl(ResourceBundle.java:1586)
	at java.base/java.util.ResourceBundle.getBundleImpl(ResourceBundle.java:1549)
	at java.base/java.util.ResourceBundle.getBundle(ResourceBundle.java:856)
	at com.sismics.docs.core.util.ConfigUtil.getConfigBundle(ConfigUtil.java:37)
	at com.sismics.util.jpa.DbOpenHelper.open(DbOpenHelper.java:104)
	at com.sismics.util.jpa.EMF.<clinit>(EMF.java:53)
	at com.sismics.docs.core.util.TransactionUtil.handle(TransactionUtil.java:37)
	at com.sismics.util.filter.RequestContextFilter.init(RequestContextFilter.java:65)
	at org.eclipse.jetty.servlet.FilterHolder.initialize(FilterHolder.java:140)
	at org.eclipse.jetty.servlet.ServletHandler.lambda$initialize$0(ServletHandler.java:731)
	at java.base/java.util.Spliterators$ArraySpliterator.forEachRemaining(Spliterators.java:948)
	at java.base/java.util.stream.Streams$ConcatSpliterator.forEachRemaining(Streams.java:734)
	at java.base/java.util.stream.ReferencePipeline$Head.forEach(ReferencePipeline.java:762)
	at org.eclipse.jetty.servlet.ServletHandler.initialize(ServletHandler.java:755)
	at org.eclipse.jetty.servlet.ServletContextHandler.startContext(ServletContextHandler.java:379)
	at org.eclipse.jetty.webapp.WebAppContext.startWebapp(WebAppContext.java:1457)
	at org.eclipse.jetty.maven.plugin.JettyWebAppContext.startWebapp(JettyWebAppContext.java:328)
	at org.eclipse.jetty.webapp.WebAppContext.startContext(WebAppContext.java:1422)
	at org.eclipse.jetty.server.handler.ContextHandler.doStart(ContextHandler.java:911)
	at org.eclipse.jetty.servlet.ServletContextHandler.doStart(ServletContextHandler.java:288)
	at org.eclipse.jetty.webapp.WebAppContext.doStart(WebAppContext.java:524)
	at org.eclipse.jetty.maven.plugin.JettyWebAppContext.doStart(JettyWebAppContext.java:397)
	at org.eclipse.jetty.util.component.AbstractLifeCycle.start(AbstractLifeCycle.java:73)
	at org.eclipse.jetty.util.component.ContainerLifeCycle.start(ContainerLifeCycle.java:169)
	at org.eclipse.jetty.util.component.ContainerLifeCycle.doStart(ContainerLifeCycle.java:117)
	at org.eclipse.jetty.server.handler.AbstractHandler.doStart(AbstractHandler.java:97)
	at org.eclipse.jetty.util.component.AbstractLifeCycle.start(AbstractLifeCycle.java:73)
	at org.eclipse.jetty.util.component.ContainerLifeCycle.start(ContainerLifeCycle.java:169)
	at org.eclipse.jetty.util.component.ContainerLifeCycle.doStart(ContainerLifeCycle.java:117)
	at org.eclipse.jetty.server.handler.AbstractHandler.doStart(AbstractHandler.java:97)
	at org.eclipse.jetty.util.component.AbstractLifeCycle.start(AbstractLifeCycle.java:73)
	at org.eclipse.jetty.util.component.ContainerLifeCycle.start(ContainerLifeCycle.java:169)
	at org.eclipse.jetty.server.Server.start(Server.java:423)
	at org.eclipse.jetty.util.component.ContainerLifeCycle.doStart(ContainerLifeCycle.java:110)
	at org.eclipse.jetty.server.handler.AbstractHandler.doStart(AbstractHandler.java:97)
	at org.eclipse.jetty.server.Server.doStart(Server.java:387)
	at org.eclipse.jetty.util.component.AbstractLifeCycle.start(AbstractLifeCycle.java:73)
	at org.eclipse.jetty.maven.plugin.AbstractJettyMojo.startJetty(AbstractJettyMojo.java:449)
	at org.eclipse.jetty.maven.plugin.AbstractJettyMojo.execute(AbstractJettyMojo.java:310)
	at org.eclipse.jetty.maven.plugin.JettyRunMojo.execute(JettyRunMojo.java:150)
	at org.apache.maven.plugin.DefaultBuildPluginManager.executeMojo(DefaultBuildPluginManager.java:137)
	at org.apache.maven.lifecycle.internal.MojoExecutor.execute(MojoExecutor.java:210)
	at org.apache.maven.lifecycle.internal.MojoExecutor.execute(MojoExecutor.java:156)
	at org.apache.maven.lifecycle.internal.MojoExecutor.execute(MojoExecutor.java:148)
	at org.apache.maven.lifecycle.internal.LifecycleModuleBuilder.buildProject(LifecycleModuleBuilder.java:117)
	at org.apache.maven.lifecycle.internal.LifecycleModuleBuilder.buildProject(LifecycleModuleBuilder.java:81)
	at org.apache.maven.lifecycle.internal.builder.singlethreaded.SingleThreadedBuilder.build(SingleThreadedBuilder.java:56)
	at org.apache.maven.lifecycle.internal.LifecycleStarter.execute(LifecycleStarter.java:128)
	at org.apache.maven.DefaultMaven.doExecute(DefaultMaven.java:305)
	at org.apache.maven.DefaultMaven.doExecute(DefaultMaven.java:192)
	at org.apache.maven.DefaultMaven.execute(DefaultMaven.java:105)
	at org.apache.maven.cli.MavenCli.execute(MavenCli.java:957)
	at org.apache.maven.cli.MavenCli.doMain(MavenCli.java:289)
	at org.apache.maven.cli.MavenCli.main(MavenCli.java:193)
	at java.base/jdk.internal.reflect.NativeMethodAccessorImpl.invoke0(Native Method)
	at java.base/jdk.internal.reflect.NativeMethodAccessorImpl.invoke(NativeMethodAccessorImpl.java:78)
	at java.base/jdk.internal.reflect.DelegatingMethodAccessorImpl.invoke(DelegatingMethodAccessorImpl.java:43)
	at java.base/java.lang.reflect.Method.invoke(Method.java:567)
	at org.codehaus.plexus.classworlds.launcher.Launcher.launchEnhanced(Launcher.java:282)
	at org.codehaus.plexus.classworlds.launcher.Launcher.launch(Launcher.java:225)
	at org.codehaus.plexus.classworlds.launcher.Launcher.mainWithExitCode(Launcher.java:406)
	at org.codehaus.plexus.classworlds.launcher.Launcher.main(Launcher.java:347)
22 Apr 2024 17:22:17,454 INFO com.sismics.util.jpa.EMF.getEntityManagerProperties(EMF.java:67) Configuring EntityManager from hibernate.properties 
22 Apr 2024 17:22:19,374 INFO com.sismics.util.ClasspathScanner.findClasses(ClasspathScanner.java:48) Found 1 classes for IndexingHandler 
22 Apr 2024 17:22:19,413 INFO com.sismics.docs.core.util.indexing.LuceneIndexingHandler.initLucene(LuceneIndexingHandler.java:115) Using RAM Lucene storage 
22 Apr 2024 17:22:19,494 INFO com.sismics.docs.core.service.FileService.startUp(FileService.java:39) File service starting up 
22 Apr 2024 17:22:19,498 INFO com.sismics.docs.core.service.InboxService.startUp(InboxService.java:55) Inbox service starting up 
22 Apr 2024 17:22:19,501 ERROR com.sismics.docs.core.util.TransactionUtil.handle(TransactionUtil.java:51) An exception occured, rolling back current transaction 
java.lang.IllegalStateException: Config parameter not found: INBOX_ENABLED
	at com.sismics.docs.core.util.ConfigUtil.getConfigStringValue(ConfigUtil.java:26)
	at com.sismics.docs.core.util.ConfigUtil.getConfigBooleanValue(ConfigUtil.java:74)
	at com.sismics.docs.core.service.InboxService.lambda$syncInbox$0(InboxService.java:77)
	at com.sismics.docs.core.util.TransactionUtil.handle(TransactionUtil.java:47)
	at com.sismics.docs.core.service.InboxService.syncInbox(InboxService.java:76)
	at com.sismics.docs.core.service.InboxService.runOneIteration(InboxService.java:66)
	at com.google.common.util.concurrent.AbstractScheduledService$ServiceDelegate$Task.run(AbstractScheduledService.java:221)
	at com.google.common.util.concurrent.Callables$4.run(Callables.java:119)
	at java.base/java.util.concurrent.Executors$RunnableAdapter.call(Executors.java:515)
	at java.base/java.util.concurrent.FutureTask.runAndReset(FutureTask.java:305)
	at java.base/java.util.concurrent.ScheduledThreadPoolExecutor$ScheduledFutureTask.run(ScheduledThreadPoolExecutor.java:305)
	at java.base/java.util.concurrent.ThreadPoolExecutor.runWorker(ThreadPoolExecutor.java:1130)
	at java.base/java.util.concurrent.ThreadPoolExecutor$Worker.run(ThreadPoolExecutor.java:630)
	at java.base/java.lang.Thread.run(Thread.java:831)
22 Apr 2024 17:23:19,505 ERROR com.sismics.docs.core.util.TransactionUtil.handle(TransactionUtil.java:51) An exception occured, rolling back current transaction 
java.lang.IllegalStateException: Config parameter not found: INBOX_ENABLED
	at com.sismics.docs.core.util.ConfigUtil.getConfigStringValue(ConfigUtil.java:26)
	at com.sismics.docs.core.util.ConfigUtil.getConfigBooleanValue(ConfigUtil.java:74)
	at com.sismics.docs.core.service.InboxService.lambda$syncInbox$0(InboxService.java:77)
	at com.sismics.docs.core.util.TransactionUtil.handle(TransactionUtil.java:47)
	at com.sismics.docs.core.service.InboxService.syncInbox(InboxService.java:76)
	at com.sismics.docs.core.service.InboxService.runOneIteration(InboxService.java:66)
	at com.google.common.util.concurrent.AbstractScheduledService$ServiceDelegate$Task.run(AbstractScheduledService.java:221)
	at com.google.common.util.concurrent.Callables$4.run(Callables.java:119)
	at java.base/java.util.concurrent.Executors$RunnableAdapter.call(Executors.java:515)
	at java.base/java.util.concurrent.FutureTask.runAndReset(FutureTask.java:305)
	at java.base/java.util.concurrent.ScheduledThreadPoolExecutor$ScheduledFutureTask.run(ScheduledThreadPoolExecutor.java:305)
	at java.base/java.util.concurrent.ThreadPoolExecutor.runWorker(ThreadPoolExecutor.java:1130)
	at java.base/java.util.concurrent.ThreadPoolExecutor$Worker.run(ThreadPoolExecutor.java:630)
	at java.base/java.lang.Thread.run(Thread.java:831)
22 Apr 2024 17:24:19,510 ERROR com.sismics.docs.core.util.TransactionUtil.handle(TransactionUtil.java:51) An exception occured, rolling back current transaction 
java.lang.IllegalStateException: Config parameter not found: INBOX_ENABLED
	at com.sismics.docs.core.util.ConfigUtil.getConfigStringValue(ConfigUtil.java:26)
	at com.sismics.docs.core.util.ConfigUtil.getConfigBooleanValue(ConfigUtil.java:74)
	at com.sismics.docs.core.service.InboxService.lambda$syncInbox$0(InboxService.java:77)
	at com.sismics.docs.core.util.TransactionUtil.handle(TransactionUtil.java:47)
	at com.sismics.docs.core.service.InboxService.syncInbox(InboxService.java:76)
	at com.sismics.docs.core.service.InboxService.runOneIteration(InboxService.java:66)
	at com.google.common.util.concurrent.AbstractScheduledService$ServiceDelegate$Task.run(AbstractScheduledService.java:221)
	at com.google.common.util.concurrent.Callables$4.run(Callables.java:119)
	at java.base/java.util.concurrent.Executors$RunnableAdapter.call(Executors.java:515)
	at java.base/java.util.concurrent.FutureTask.runAndReset(FutureTask.java:305)
	at java.base/java.util.concurrent.ScheduledThreadPoolExecutor$ScheduledFutureTask.run(ScheduledThreadPoolExecutor.java:305)
	at java.base/java.util.concurrent.ThreadPoolExecutor.runWorker(ThreadPoolExecutor.java:1130)
	at java.base/java.util.concurrent.ThreadPoolExecutor$Worker.run(ThreadPoolExecutor.java:630)
	at java.base/java.lang.Thread.run(Thread.java:831)
22 Apr 2024 17:25:19,513 ERROR com.sismics.docs.core.util.TransactionUtil.handle(TransactionUtil.java:51) An exception occured, rolling back current transaction 
java.lang.IllegalStateException: Config parameter not found: INBOX_ENABLED
	at com.sismics.docs.core.util.ConfigUtil.getConfigStringValue(ConfigUtil.java:26)
	at com.sismics.docs.core.util.ConfigUtil.getConfigBooleanValue(ConfigUtil.java:74)
	at com.sismics.docs.core.service.InboxService.lambda$syncInbox$0(InboxService.java:77)
	at com.sismics.docs.core.util.TransactionUtil.handle(TransactionUtil.java:47)
	at com.sismics.docs.core.service.InboxService.syncInbox(InboxService.java:76)
	at com.sismics.docs.core.service.InboxService.runOneIteration(InboxService.java:66)
	at com.google.common.util.concurrent.AbstractScheduledService$ServiceDelegate$Task.run(AbstractScheduledService.java:221)
	at com.google.common.util.concurrent.Callables$4.run(Callables.java:119)
	at java.base/java.util.concurrent.Executors$RunnableAdapter.call(Executors.java:515)
	at java.base/java.util.concurrent.FutureTask.runAndReset(FutureTask.java:305)
	at java.base/java.util.concurrent.ScheduledThreadPoolExecutor$ScheduledFutureTask.run(ScheduledThreadPoolExecutor.java:305)
	at java.base/java.util.concurrent.ThreadPoolExecutor.runWorker(ThreadPoolExecutor.java:1130)
	at java.base/java.util.concurrent.ThreadPoolExecutor$Worker.run(ThreadPoolExecutor.java:630)
	at java.base/java.lang.Thread.run(Thread.java:831)
22 Apr 2024 17:26:19,518 ERROR com.sismics.docs.core.util.TransactionUtil.handle(TransactionUtil.java:51) An exception occured, rolling back current transaction 
java.lang.IllegalStateException: Config parameter not found: INBOX_ENABLED
	at com.sismics.docs.core.util.ConfigUtil.getConfigStringValue(ConfigUtil.java:26)
	at com.sismics.docs.core.util.ConfigUtil.getConfigBooleanValue(ConfigUtil.java:74)
	at com.sismics.docs.core.service.InboxService.lambda$syncInbox$0(InboxService.java:77)
	at com.sismics.docs.core.util.TransactionUtil.handle(TransactionUtil.java:47)
	at com.sismics.docs.core.service.InboxService.syncInbox(InboxService.java:76)
	at com.sismics.docs.core.service.InboxService.runOneIteration(InboxService.java:66)
	at com.google.common.util.concurrent.AbstractScheduledService$ServiceDelegate$Task.run(AbstractScheduledService.java:221)
	at com.google.common.util.concurrent.Callables$4.run(Callables.java:119)
	at java.base/java.util.concurrent.Executors$RunnableAdapter.call(Executors.java:515)
	at java.base/java.util.concurrent.FutureTask.runAndReset(FutureTask.java:305)
	at java.base/java.util.concurrent.ScheduledThreadPoolExecutor$ScheduledFutureTask.run(ScheduledThreadPoolExecutor.java:305)
	at java.base/java.util.concurrent.ThreadPoolExecutor.runWorker(ThreadPoolExecutor.java:1130)
	at java.base/java.util.concurrent.ThreadPoolExecutor$Worker.run(ThreadPoolExecutor.java:630)
	at java.base/java.lang.Thread.run(Thread.java:831)
22 Apr 2024 17:27:19,521 ERROR com.sismics.docs.core.util.TransactionUtil.handle(TransactionUtil.java:51) An exception occured, rolling back current transaction 
java.lang.IllegalStateException: Config parameter not found: INBOX_ENABLED
	at com.sismics.docs.core.util.ConfigUtil.getConfigStringValue(ConfigUtil.java:26)
	at com.sismics.docs.core.util.ConfigUtil.getConfigBooleanValue(ConfigUtil.java:74)
	at com.sismics.docs.core.service.InboxService.lambda$syncInbox$0(InboxService.java:77)
	at com.sismics.docs.core.util.TransactionUtil.handle(TransactionUtil.java:47)
	at com.sismics.docs.core.service.InboxService.syncInbox(InboxService.java:76)
	at com.sismics.docs.core.service.InboxService.runOneIteration(InboxService.java:66)
	at com.google.common.util.concurrent.AbstractScheduledService$ServiceDelegate$Task.run(AbstractScheduledService.java:221)
	at com.google.common.util.concurrent.Callables$4.run(Callables.java:119)
	at java.base/java.util.concurrent.Executors$RunnableAdapter.call(Executors.java:515)
	at java.base/java.util.concurrent.FutureTask.runAndReset(FutureTask.java:305)
	at java.base/java.util.concurrent.ScheduledThreadPoolExecutor$ScheduledFutureTask.run(ScheduledThreadPoolExecutor.java:305)
	at java.base/java.util.concurrent.ThreadPoolExecutor.runWorker(ThreadPoolExecutor.java:1130)
	at java.base/java.util.concurrent.ThreadPoolExecutor$Worker.run(ThreadPoolExecutor.java:630)
	at java.base/java.lang.Thread.run(Thread.java:831)
22 Apr 2024 17:28:19,535 ERROR com.sismics.docs.core.util.TransactionUtil.handle(TransactionUtil.java:51) An exception occured, rolling back current transaction 
java.lang.IllegalStateException: Config parameter not found: INBOX_ENABLED
	at com.sismics.docs.core.util.ConfigUtil.getConfigStringValue(ConfigUtil.java:26)
	at com.sismics.docs.core.util.ConfigUtil.getConfigBooleanValue(ConfigUtil.java:74)
	at com.sismics.docs.core.service.InboxService.lambda$syncInbox$0(InboxService.java:77)
	at com.sismics.docs.core.util.TransactionUtil.handle(TransactionUtil.java:47)
	at com.sismics.docs.core.service.InboxService.syncInbox(InboxService.java:76)
	at com.sismics.docs.core.service.InboxService.runOneIteration(InboxService.java:66)
	at com.google.common.util.concurrent.AbstractScheduledService$ServiceDelegate$Task.run(AbstractScheduledService.java:221)
	at com.google.common.util.concurrent.Callables$4.run(Callables.java:119)
	at java.base/java.util.concurrent.Executors$RunnableAdapter.call(Executors.java:515)
	at java.base/java.util.concurrent.FutureTask.runAndReset(FutureTask.java:305)
	at java.base/java.util.concurrent.ScheduledThreadPoolExecutor$ScheduledFutureTask.run(ScheduledThreadPoolExecutor.java:305)
	at java.base/java.util.concurrent.ThreadPoolExecutor.runWorker(ThreadPoolExecutor.java:1130)
	at java.base/java.util.concurrent.ThreadPoolExecutor$Worker.run(ThreadPoolExecutor.java:630)
	at java.base/java.lang.Thread.run(Thread.java:831)
22 Apr 2024 17:29:19,539 ERROR com.sismics.docs.core.util.TransactionUtil.handle(TransactionUtil.java:51) An exception occured, rolling back current transaction 
java.lang.IllegalStateException: Config parameter not found: INBOX_ENABLED
	at com.sismics.docs.core.util.ConfigUtil.getConfigStringValue(ConfigUtil.java:26)
	at com.sismics.docs.core.util.ConfigUtil.getConfigBooleanValue(ConfigUtil.java:74)
	at com.sismics.docs.core.service.InboxService.lambda$syncInbox$0(InboxService.java:77)
	at com.sismics.docs.core.util.TransactionUtil.handle(TransactionUtil.java:47)
	at com.sismics.docs.core.service.InboxService.syncInbox(InboxService.java:76)
	at com.sismics.docs.core.service.InboxService.runOneIteration(InboxService.java:66)
	at com.google.common.util.concurrent.AbstractScheduledService$ServiceDelegate$Task.run(AbstractScheduledService.java:221)
	at com.google.common.util.concurrent.Callables$4.run(Callables.java:119)
	at java.base/java.util.concurrent.Executors$RunnableAdapter.call(Executors.java:515)
	at java.base/java.util.concurrent.FutureTask.runAndReset(FutureTask.java:305)
	at java.base/java.util.concurrent.ScheduledThreadPoolExecutor$ScheduledFutureTask.run(ScheduledThreadPoolExecutor.java:305)
	at java.base/java.util.concurrent.ThreadPoolExecutor.runWorker(ThreadPoolExecutor.java:1130)
	at java.base/java.util.concurrent.ThreadPoolExecutor$Worker.run(ThreadPoolExecutor.java:630)
	at java.base/java.lang.Thread.run(Thread.java:831)
22 Apr 2024 17:30:19,545 ERROR com.sismics.docs.core.util.TransactionUtil.handle(TransactionUtil.java:51) An exception occured, rolling back current transaction 
java.lang.IllegalStateException: Config parameter not found: INBOX_ENABLED
	at com.sismics.docs.core.util.ConfigUtil.getConfigStringValue(ConfigUtil.java:26)
	at com.sismics.docs.core.util.ConfigUtil.getConfigBooleanValue(ConfigUtil.java:74)
	at com.sismics.docs.core.service.InboxService.lambda$syncInbox$0(InboxService.java:77)
	at com.sismics.docs.core.util.TransactionUtil.handle(TransactionUtil.java:47)
	at com.sismics.docs.core.service.InboxService.syncInbox(InboxService.java:76)
	at com.sismics.docs.core.service.InboxService.runOneIteration(InboxService.java:66)
	at com.google.common.util.concurrent.AbstractScheduledService$ServiceDelegate$Task.run(AbstractScheduledService.java:221)
	at com.google.common.util.concurrent.Callables$4.run(Callables.java:119)
	at java.base/java.util.concurrent.Executors$RunnableAdapter.call(Executors.java:515)
	at java.base/java.util.concurrent.FutureTask.runAndReset(FutureTask.java:305)
	at java.base/java.util.concurrent.ScheduledThreadPoolExecutor$ScheduledFutureTask.run(ScheduledThreadPoolExecutor.java:305)
	at java.base/java.util.concurrent.ThreadPoolExecutor.runWorker(ThreadPoolExecutor.java:1130)
	at java.base/java.util.concurrent.ThreadPoolExecutor$Worker.run(ThreadPoolExecutor.java:630)
	at java.base/java.lang.Thread.run(Thread.java:831)
22 Apr 2024 17:31:19,548 ERROR com.sismics.docs.core.util.TransactionUtil.handle(TransactionUtil.java:51) An exception occured, rolling back current transaction 
java.lang.IllegalStateException: Config parameter not found: INBOX_ENABLED
	at com.sismics.docs.core.util.ConfigUtil.getConfigStringValue(ConfigUtil.java:26)
	at com.sismics.docs.core.util.ConfigUtil.getConfigBooleanValue(ConfigUtil.java:74)
	at com.sismics.docs.core.service.InboxService.lambda$syncInbox$0(InboxService.java:77)
	at com.sismics.docs.core.util.TransactionUtil.handle(TransactionUtil.java:47)
	at com.sismics.docs.core.service.InboxService.syncInbox(InboxService.java:76)
	at com.sismics.docs.core.service.InboxService.runOneIteration(InboxService.java:66)
	at com.google.common.util.concurrent.AbstractScheduledService$ServiceDelegate$Task.run(AbstractScheduledService.java:221)
	at com.google.common.util.concurrent.Callables$4.run(Callables.java:119)
	at java.base/java.util.concurrent.Executors$RunnableAdapter.call(Executors.java:515)
	at java.base/java.util.concurrent.FutureTask.runAndReset(FutureTask.java:305)
	at java.base/java.util.concurrent.ScheduledThreadPoolExecutor$ScheduledFutureTask.run(ScheduledThreadPoolExecutor.java:305)
	at java.base/java.util.concurrent.ThreadPoolExecutor.runWorker(ThreadPoolExecutor.java:1130)
	at java.base/java.util.concurrent.ThreadPoolExecutor$Worker.run(ThreadPoolExecutor.java:630)
	at java.base/java.lang.Thread.run(Thread.java:831)
